<?xml version="1.0" encoding="UTF-8"?>
<!-- Generated by org.testng.reporters.JUnitXMLReporter -->
<testsuite hostname="VAIO" ignored="4" name="Test" tests="6" failures="0" timestamp="14 Aug 2019 06:48:55 GMT" time="43.517" errors="0">
  <testcase name="TestB1" time="0.031" classname="autotestNG.DemoB"/>
  <testcase name="TestB2" time="0.0" classname="autotestNG.DemoB"/>
  <testcase name="testA" time="0.015" classname="autotestNG.DemoA"/>
  <testcase name="createuser" time="43.161" classname="autotestNG.HardAssert"/>
  <testcase name="testcase1" time="0.008" classname="autotestNG.Testcase"/>
  <testcase name="testcase2" time="0.027" classname="autotestNG.Testcase"/>
  <testcase name="@AfterTest m4" time="0.0" classname="autotestNG.BaseTest">
    <ignored/>
  </testcase> <!-- @AfterTest m4 -->
  <testcase name="@AfterSuite m2" time="0.0" classname="autotestNG.BaseTest">
    <ignored/>
  </testcase> <!-- @AfterSuite m2 -->
  <testcase name="@BeforeTest m3" time="0.0" classname="autotestNG.BaseTest">
    <ignored/>
  </testcase> <!-- @BeforeTest m3 -->
  <testcase name="@BeforeSuite m1" time="0.0" classname="autotestNG.BaseTest">
    <ignored/>
  </testcase> <!-- @BeforeSuite m1 -->
</testsuite> <!-- Test -->
